<?xml version="1.0" encoding="UTF-8"?>
<!-- Generated by org.testng.reporters.JUnitXMLReporter -->
<testsuite ignored="0" hostname="DESKTOP-V720RG9" failures="1" tests="1" name="EdgeTest" time="49.966" errors="0" timestamp="2022-05-31T08:54:58 IST">
  <testcase classname="pack04.testNgOfFlipkart" name="verifyTheGloceryTab" time="2.561">
    <failure type="java.lang.AssertionError" message="expected [https://www.flipkart.com/grocery-supermart-store?marketplace=GROCERY&amp;amp;fm=neo%2Fmerchandising&amp;amp;iid=M_c3cb9595-8c27-4741-9c72-c2716808e832_2_372UD5BXDFYS_MC.CBUR1Q46W5F1&amp;amp;otracker=hp_rich_navigation_2_2.navigationCard.RICH_NAVIGATION_Grocery_CBUR1Q46W5F1&amp;amp;otracker1=hp_rich_navigation_PINNED_neo%2Fmerchandising_NA_NAV_EXPANDABLE_navigationCard_cc_2_L0_view-all&amp;amp;cid=CBUR1Q46W5F1] but found [//www.flipkart.com/grocery-supermart-store?marketplace=GROCERY&amp;amp;fm=neo%2Fmerchandising&amp;amp;iid=M_92bc90ec-4de0-4613-842b-806678fefa01_1_372UD5BXDFYS_MC.CBUR1Q46W5F1&amp;amp;otracker=hp_rich_navigation_2_1.navigationCard.RICH_NAVIGATION_Grocery_CBUR1Q46W5F1&amp;amp;otracker1=hp_rich_navigation_PINNED_neo%2Fmerchandising_NA_NAV_EXPANDABLE_navigationCard_cc_2_L0_view-all&amp;amp;cid=CBUR1Q46W5F1]">
      <![CDATA[java.lang.AssertionError: expected [https://www.flipkart.com/grocery-supermart-store?marketplace=GROCERY&fm=neo%2Fmerchandising&iid=M_c3cb9595-8c27-4741-9c72-c2716808e832_2_372UD5BXDFYS_MC.CBUR1Q46W5F1&otracker=hp_rich_navigation_2_2.navigationCard.RICH_NAVIGATION_Grocery_CBUR1Q46W5F1&otracker1=hp_rich_navigation_PINNED_neo%2Fmerchandising_NA_NAV_EXPANDABLE_navigationCard_cc_2_L0_view-all&cid=CBUR1Q46W5F1] but found [//www.flipkart.com/grocery-supermart-store?marketplace=GROCERY&fm=neo%2Fmerchandising&iid=M_92bc90ec-4de0-4613-842b-806678fefa01_1_372UD5BXDFYS_MC.CBUR1Q46W5F1&otracker=hp_rich_navigation_2_1.navigationCard.RICH_NAVIGATION_Grocery_CBUR1Q46W5F1&otracker1=hp_rich_navigation_PINNED_neo%2Fmerchandising_NA_NAV_EXPANDABLE_navigationCard_cc_2_L0_view-all&cid=CBUR1Q46W5F1]
at pack04.testNgOfFlipkart.verifyTheGloceryTab(testNgOfFlipkart.java:85)
at java.base/java.util.concurrent.ThreadPoolExecutor.runWorker(ThreadPoolExecutor.java:1136)
at java.base/java.util.concurrent.ThreadPoolExecutor$Worker.run(ThreadPoolExecutor.java:635)
at java.base/java.lang.Thread.run(Thread.java:833)
... Removed 18 stack frames]]>
    </failure>
  </testcase> <!-- verifyTheGloceryTab -->
</testsuite> <!-- EdgeTest -->
